[13:54:22] [Client thread/INFO]: Setting user: AetherPlayer
[13:54:22] [Client thread/INFO]: (Session ID is token:offline:offline)
[13:54:23] [Client thread/INFO]: LWJGL Version: 2.9.4
[13:54:23] [Client thread/INFO]: Reloading ResourceManager: Default
[13:54:24] [Client thread/ERROR]: Couldn't initialize twitch stream
[13:54:24] [Sound Library Loader/INFO]: Starting up SoundSystem...
[13:54:24] [Thread-5/INFO]: Initializing LWJGL OpenAL
[13:54:24] [Thread-5/INFO]: (The LWJGL binding of OpenAL.  For more information, see http://www.lwjgl.org)
[13:54:24] [Thread-5/INFO]: OpenAL initialized.
[13:54:24] [Sound Library Loader/INFO]: Sound engine started
[13:54:25] [Client thread/INFO]: Created: 512x512 textures-atlas
[13:55:05] [Client thread/INFO]: Reloading ResourceManager: Default
[13:55:05] [Client thread/INFO]: SoundSystem shutting down...
[13:55:05] [Client thread/WARN]: Author: Paul Lamb, www.paulscode.com
[13:55:05] [Sound Library Loader/INFO]: Starting up SoundSystem...
[13:55:06] [Thread-7/INFO]: Initializing LWJGL OpenAL
[13:55:06] [Thread-7/INFO]: (The LWJGL binding of OpenAL.  For more information, see http://www.lwjgl.org)
[13:55:06] [Thread-7/INFO]: OpenAL initialized.
[13:55:06] [Sound Library Loader/INFO]: Sound engine started
[13:55:06] [Client thread/INFO]: Created: 512x512 textures-atlas
[13:55:07] [Client thread/INFO]: Reloading ResourceManager: Default
[13:55:07] [Client thread/INFO]: SoundSystem shutting down...
[13:55:07] [Client thread/WARN]: Author: Paul Lamb, www.paulscode.com
[13:55:07] [Sound Library Loader/INFO]: Starting up SoundSystem...
[13:55:07] [Thread-9/INFO]: Initializing LWJGL OpenAL
[13:55:07] [Thread-9/INFO]: (The LWJGL binding of OpenAL.  For more information, see http://www.lwjgl.org)
[13:55:08] [Thread-9/INFO]: OpenAL initialized.
[13:55:08] [Sound Library Loader/INFO]: Sound engine started
[13:55:08] [Client thread/INFO]: Created: 512x512 textures-atlas
[13:55:16] [Server thread/INFO]: Starting integrated minecraft server version 1.8.9
[13:55:16] [Server thread/INFO]: Generating keypair
[13:55:16] [Server thread/INFO]: Converting map!
[13:55:16] [Server thread/INFO]: Scanning folders...
[13:55:16] [Server thread/INFO]: Total conversion count is 0
[13:55:17] [Server thread/INFO]: Preparing start region for level 0
[13:55:18] [Server thread/INFO]: Preparing spawn area: 8%
[13:55:19] [Server thread/INFO]: Preparing spawn area: 16%
[13:55:20] [Server thread/INFO]: Preparing spawn area: 27%
[13:55:21] [Server thread/INFO]: Preparing spawn area: 39%
[13:55:22] [Server thread/INFO]: Preparing spawn area: 48%
[13:55:23] [Server thread/INFO]: Preparing spawn area: 55%
[13:55:24] [Server thread/INFO]: Preparing spawn area: 64%
[13:55:25] [Server thread/INFO]: Preparing spawn area: 76%
[13:55:26] [Server thread/INFO]: Preparing spawn area: 91%
[13:55:26] [Server thread/INFO]: Changing view distance to 12, from 10
[13:55:28] [Server thread/INFO]: AetherPlayer[local:E:db359d12] logged in with entity id 356 at (-168.5, 64.0, 251.5)
[13:55:28] [Server thread/INFO]: AetherPlayer 加入了游戏
[13:55:31] [Server thread/INFO]: Saving and pausing game...
[13:55:31] [Server thread/INFO]: Saving chunks for level '新的世界'/Overworld
[13:55:32] [Server thread/INFO]: Saving chunks for level '新的世界'/Nether
[13:55:32] [Server thread/INFO]: Saving chunks for level '新的世界'/The End
[13:55:32] [Server thread/WARN]: Can't keep up! Did the system time change, or is the server overloaded? Running 2649ms behind, skipping 52 tick(s)
[13:56:01] [Server thread/INFO]: Saving and pausing game...
[13:56:01] [Server thread/INFO]: Saving chunks for level '新的世界'/Overworld
[13:56:02] [Server thread/INFO]: Saving chunks for level '新的世界'/Nether
[13:56:02] [Server thread/INFO]: Saving chunks for level '新的世界'/The End
[13:56:15] [Server thread/INFO]: Saving and pausing game...
[13:56:15] [Server thread/INFO]: Saving chunks for level '新的世界'/Overworld
[13:56:15] [Server thread/INFO]: Saving chunks for level '新的世界'/Nether
[13:56:15] [Server thread/INFO]: Saving chunks for level '新的世界'/The End
[13:56:35] [Server thread/INFO]: Saving and pausing game...
[13:56:35] [Server thread/INFO]: Saving chunks for level '新的世界'/Overworld
[13:56:35] [Server thread/INFO]: Saving chunks for level '新的世界'/Nether
[13:56:35] [Server thread/INFO]: Saving chunks for level '新的世界'/The End
[13:56:45] [Server thread/INFO]: Stopping server
[13:56:45] [Server thread/INFO]: Saving players
[13:56:45] [Server thread/INFO]: Saving worlds
[13:56:45] [Server thread/INFO]: Saving chunks for level '新的世界'/Overworld
[13:56:45] [Server thread/INFO]: Saving chunks for level '新的世界'/Nether
[13:56:45] [Server thread/INFO]: Saving chunks for level '新的世界'/The End
[13:56:46] [Client thread/INFO]: Stopping!
[13:56:46] [Client thread/INFO]: SoundSystem shutting down...
[13:56:46] [Client thread/WARN]: Author: Paul Lamb, www.paulscode.com
